<?xml version="1.0" encoding="UTF-8"?>
<!-- Generated by org.testng.reporters.JUnitReportReporter -->
<testsuite hostname="SL-SP-LAP-0586.local" failures="0" tests="1" name="com.org.SampleAPI.Sample_Put_API" time="3.060" errors="0" timestamp="26 Nov 2021 21:01:36 GMT" skipped="0">
  <testcase classname="com.org.SampleAPI.Sample_Put_API" name="test_1_Post" time="3.060"/>
</testsuite> <!-- com.org.SampleAPI.Sample_Put_API -->
