<?xml version="1.0" encoding="UTF-8"?>
<!-- Generated by org.testng.reporters.JUnitReportReporter -->
<testsuite hostname="SL-SP-LAP-0586.local" failures="0" tests="1" name="com.org.SampleAPI.Sample_POST_API" time="2.740" errors="0" timestamp="30 Nov 2021 12:40:04 GMT" skipped="0">
  <testcase classname="com.org.SampleAPI.Sample_POST_API" name="test_1_Post" time="2.740"/>
</testsuite> <!-- com.org.SampleAPI.Sample_POST_API -->
