<?xml version="1.0" encoding="UTF-8"?>
<!-- Generated by org.testng.reporters.JUnitReportReporter -->
<testsuite hostname="SL-SP-LAP-0586.local" failures="0" tests="1" name="Reports.ExtendReports" time="0.724" errors="0" timestamp="03 Dec 2021 19:57:49 GMT" skipped="0">
  <testcase classname="Reports.ExtendReports" name="ExtendReport" time="0.724"/>
</testsuite> <!-- Reports.ExtendReports -->
