<?xml version="1.0" encoding="UTF-8"?>
<!-- Generated by org.testng.reporters.JUnitReportReporter -->
<testsuite hostname="SL-SP-LAP-0586.local" failures="0" tests="8" name="com.org.SampleAPI.Sample_API" time="4.425" errors="0" timestamp="26 Nov 2021 19:58:18 GMT" skipped="0">
  <testcase classname="com.org.SampleAPI.Sample_API" name="Test_05" time="0.178"/>
  <testcase classname="com.org.SampleAPI.Sample_API" name="Test_08" time="0.127"/>
  <testcase classname="com.org.SampleAPI.Sample_API" name="Test_03" time="0.106"/>
  <testcase classname="com.org.SampleAPI.Sample_API" name="Test_04" time="0.917"/>
  <testcase classname="com.org.SampleAPI.Sample_API" name="Test_01" time="2.507"/>
  <testcase classname="com.org.SampleAPI.Sample_API" name="Test_06" time="0.166"/>
  <testcase classname="com.org.SampleAPI.Sample_API" name="Test_07" time="0.118"/>
  <testcase classname="com.org.SampleAPI.Sample_API" name="Test_02" time="0.306"/>
</testsuite> <!-- com.org.SampleAPI.Sample_API -->
